<?xml version="1.0" encoding="UTF-8"?>
<!-- Generated by org.testng.reporters.JUnitReportReporter -->
<testsuite hostname="LAPTOP-SI931HN7" failures="0" tests="1" name="com.SauceDemo.TestClasses.TC_03_VerifyBagProduct" time="2.327" errors="0" timestamp="2022-10-11T15:56:28 IST" skipped="0">
  <testcase classname="com.SauceDemo.TestClasses.TC_03_VerifyBagProduct" name="VerifyBagPrdt" time="2.327"/>
  <system-out/>
</testsuite> <!-- com.SauceDemo.TestClasses.TC_03_VerifyBagProduct -->
