<?xml version="1.0" encoding="UTF-8"?>
<!-- Generated by org.testng.reporters.JUnitReportReporter -->
<testsuite hostname="LAPTOP-SI931HN7" failures="0" tests="1" name="com.SauceDemo.TestClasses.Tc_01_VerifyLogin" time="5.192" errors="0" timestamp="2022-10-11T15:56:28 IST" skipped="0">
  <testcase classname="com.SauceDemo.TestClasses.Tc_01_VerifyLogin" name="VerifyLogin" time="5.192"/>
  <system-out/>
</testsuite> <!-- com.SauceDemo.TestClasses.Tc_01_VerifyLogin -->
